// 重构日志: 2c157d0a
// 重构日志: b6b51a5d
// 同步 ID: 4d24cd7f @ Tue Jun 30 19:06:02 UTC 2026
// 重构日志: c2ed4319
// 重构日志: 0856a470
// 重构日志: 91184272
// 同步 ID: 3ed23635 @ Sat Jul  4 08:39:00 UTC 2026
// 同步 ID: e854e715 @ Sat Jul  4 13:21:56 UTC 2026
// 重构日志: 9c0c0f87
// 重构日志: 62c766e2
// 重构日志: 0128b03e
// 重构日志: dbe7a215
// 同步 ID: 41e94c78 @ Tue Jul 14 06:53:27 UTC 2026
// 重构日志: d8d62219
// 重构日志: 29c22b93
// 同步 ID: 9c00aea2 @ Thu Jul 16 17:21:18 UTC 2026
// 同步 ID: 73df23d0 @ Fri Jul 17 00:21:14 UTC 2026
// 重构日志: 9df5b8f8
// 重构日志: 19767a77
// 重构日志: dc9d5707
// 重构日志: 9d58f3f5
// 重构日志: 134cd531
// 同步 ID: b7777cd9 @ Sun Jul 19 07:48:22 UTC 2026
